# JRE version: OpenJDK Runtime Environment (11.0.13) (build 11.0.13+0-b1751.21-8125866)
# Java VM: OpenJDK 64-Bit Server VM (11.0.13+0-b1751.21-8125866, mixed mode, tiered, compressed oops, g1 gc, windows-amd64)
Heap:
 garbage-first heap   total 129024K, used 68267K [0x0000000080000000, 0x0000000100000000)
  region size 1024K, 49 young (50176K), 9 survivors (9216K)
 Metaspace       used 44359K, capacity 45423K, committed 45692K, reserved 1089536K
  class space    used 5579K, capacity 5963K, committed 6092K, reserved 1048576K
GC Heap History (16 events):
Event: 4.634 GC heap before
{Heap before GC invocations=0 (full 0):
 garbage-first heap   total 129024K, used 16384K [0x0000000080000000, 0x0000000100000000)
  region size 1024K, 14 young (14336K), 0 survivors (0K)
 Metaspace       used 6768K, capacity 7001K, committed 7168K, reserved 1056768K
  class space    used 572K, capacity 650K, committed 768K, reserved 1048576K
}
Event: 4.692 GC heap after
{Heap after GC invocations=1 (full 0):
 garbage-first heap   total 129024K, used 4224K [0x0000000080000000, 0x0000000100000000)
  region size 1024K, 2 young (2048K), 2 survivors (2048K)
 Metaspace       used 6768K, capacity 7001K, committed 7168K, reserved 1056768K
  class space    used 572K, capacity 650K, committed 768K, reserved 1048576K
}
Event: 7.595 GC heap before
{Heap before GC invocations=1 (full 0):
 garbage-first heap   total 129024K, used 19584K [0x0000000080000000, 0x0000000100000000)
  region size 1024K, 14 young (14336K), 2 survivors (2048K)
 Metaspace       used 9932K, capacity 10194K, committed 10368K, reserved 1058816K
  class space    used 1011K, capacity 1102K, committed 1152K, reserved 1048576K
}
Event: 7.598 GC heap after
{Heap after GC invocations=2 (full 0):
 garbage-first heap   total 129024K, used 9547K [0x0000000080000000, 0x0000000100000000)
  region size 1024K, 2 young (2048K), 2 survivors (2048K)
 Metaspace       used 9932K, capacity 10194K, committed 10368K, reserved 1058816K
  class space    used 1011K, capacity 1102K, committed 1152K, reserved 1048576K
}
Event: 10.988 GC heap before
{Heap before GC invocations=2 (full 0):
 garbage-first heap   total 129024K, used 39243K [0x0000000080000000, 0x0000000100000000)
  region size 1024K, 31 young (31744K), 2 survivors (2048K)
 Metaspace       used 10879K, capacity 11085K, committed 11264K, reserved 1058816K
  class space    used 1112K, capacity 1207K, committed 1280K, reserved 1048576K
}
Event: 10.991 GC heap after
{Heap after GC invocations=3 (full 0):
 garbage-first heap   total 129024K, used 12354K [0x0000000080000000, 0x0000000100000000)
  region size 1024K, 4 young (4096K), 4 survivors (4096K)
 Metaspace       used 10879K, capacity 11085K, committed 11264K, reserved 1058816K
  class space    used 1112K, capacity 1207K, committed 1280K, reserved 1048576K
}
Event: 16.163 GC heap before
{Heap before GC invocations=3 (full 0):
 garbage-first heap   total 129024K, used 56386K [0x0000000080000000, 0x0000000100000000)
  region size 1024K, 47 young (48128K), 4 survivors (4096K)
 Metaspace       used 17712K, capacity 18079K, committed 18432K, reserved 1064960K
  class space    used 2058K, capacity 2177K, committed 2304K, reserved 1048576K
}
Event: 16.190 GC heap after
{Heap after GC invocations=4 (full 0):
 garbage-first heap   total 129024K, used 16105K [0x0000000080000000, 0x0000000100000000)
  region size 1024K, 6 young (6144K), 6 survivors (6144K)
 Metaspace       used 17712K, capacity 18079K, committed 18432K, reserved 1064960K
  class space    used 2058K, capacity 2177K, committed 2304K, reserved 1048576K
}
Event: 17.334 GC heap before
{Heap before GC invocations=4 (full 0):
 garbage-first heap   total 129024K, used 41705K [0x0000000080000000, 0x0000000100000000)
  region size 1024K, 32 young (32768K), 6 survivors (6144K)
 Metaspace       used 20815K, capacity 21197K, committed 21296K, reserved 1069056K
  class space    used 2520K, capacity 2684K, committed 2688K, reserved 1048576K
}
Event: 17.344 GC heap after
{Heap after GC invocations=5 (full 0):
 garbage-first heap   total 129024K, used 17702K [0x0000000080000000, 0x0000000100000000)
  region size 1024K, 2 young (2048K), 2 survivors (2048K)
 Metaspace       used 20815K, capacity 21197K, committed 21296K, reserved 1069056K
  class space    used 2520K, capacity 2684K, committed 2688K, reserved 1048576K
}
Event: 19.290 GC heap before
{Heap before GC invocations=6 (full 0):
 garbage-first heap   total 129024K, used 65830K [0x0000000080000000, 0x0000000100000000)
  region size 1024K, 50 young (51200K), 2 survivors (2048K)
 Metaspace       used 26234K, capacity 26840K, committed 26876K, reserved 1073152K
  class space    used 3398K, capacity 3639K, committed 3660K, reserved 1048576K
}
Event: 19.295 GC heap after
{Heap after GC invocations=7 (full 0):
 garbage-first heap   total 129024K, used 19222K [0x0000000080000000, 0x0000000100000000)
  region size 1024K, 3 young (3072K), 3 survivors (3072K)
 Metaspace       used 26234K, capacity 26840K, committed 26876K, reserved 1073152K
  class space    used 3398K, capacity 3639K, committed 3660K, reserved 1048576K
}
Event: 20.744 GC heap before
{Heap before GC invocations=7 (full 0):
 garbage-first heap   total 129024K, used 80662K [0x0000000080000000, 0x0000000100000000)
  region size 1024K, 64 young (65536K), 3 survivors (3072K)
 Metaspace       used 35171K, capacity 35942K, committed 35964K, reserved 1081344K
  class space    used 4504K, capacity 4803K, committed 4812K, reserved 1048576K
}
Event: 20.756 GC heap after
{Heap after GC invocations=8 (full 0):
 garbage-first heap   total 129024K, used 22750K [0x0000000080000000, 0x0000000100000000)
  region size 1024K, 7 young (7168K), 7 survivors (7168K)
 Metaspace       used 35171K, capacity 35942K, committed 35964K, reserved 1081344K
  class space    used 4504K, capacity 4803K, committed 4812K, reserved 1048576K
}
Event: 22.120 GC heap before
{Heap before GC invocations=9 (full 0):
 garbage-first heap   total 129024K, used 88286K [0x0000000080000000, 0x0000000100000000)
  region size 1024K, 69 young (70656K), 7 survivors (7168K)
 Metaspace       used 39964K, capacity 40917K, committed 41212K, reserved 1085440K
  class space    used 5045K, capacity 5409K, committed 5452K, reserved 1048576K
}
Event: 22.134 GC heap after
{Heap after GC invocations=10 (full 0):
 garbage-first heap   total 129024K, used 28331K [0x0000000080000000, 0x0000000100000000)
  region size 1024K, 9 young (9216K), 9 survivors (9216K)
 Metaspace       used 39964K, capacity 40917K, committed 41212K, reserved 1085440K
  class space    used 5045K, capacity 5409K, committed 5452K, reserved 1048576K
}

