# JRE version: OpenJDK Runtime Environment (11.0.13) (build 11.0.13+0-b1751.21-8125866)
# Java VM: OpenJDK 64-Bit Server VM (11.0.13+0-b1751.21-8125866, mixed mode, tiered, compressed oops, g1 gc, windows-amd64)
Heap:
 garbage-first heap   total 157696K, used 70187K [0x0000000080000000, 0x0000000100000000)
  region size 1024K, 15 young (15360K), 7 survivors (7168K)
 Metaspace       used 70311K, capacity 71910K, committed 72220K, reserved 1112064K
  class space    used 8873K, capacity 9491K, committed 9624K, reserved 1048576K
GC Heap History (20 events):
Event: 6.878 GC heap before
{Heap before GC invocations=7 (full 0):
 garbage-first heap   total 129024K, used 74668K [0x0000000080000000, 0x0000000100000000)
  region size 1024K, 58 young (59392K), 4 survivors (4096K)
 Metaspace       used 31830K, capacity 32545K, committed 32892K, reserved 1077248K
  class space    used 4208K, capacity 4462K, committed 4556K, reserved 1048576K
}
Event: 6.898 GC heap after
{Heap after GC invocations=8 (full 0):
 garbage-first heap   total 129024K, used 21137K [0x0000000080000000, 0x0000000100000000)
  region size 1024K, 5 young (5120K), 5 survivors (5120K)
 Metaspace       used 31830K, capacity 32545K, committed 32892K, reserved 1077248K
  class space    used 4208K, capacity 4462K, committed 4556K, reserved 1048576K
}
Event: 7.700 GC heap before
{Heap before GC invocations=8 (full 0):
 garbage-first heap   total 129024K, used 29329K [0x0000000080000000, 0x0000000100000000)
  region size 1024K, 14 young (14336K), 5 survivors (5120K)
 Metaspace       used 35130K, capacity 35906K, committed 35964K, reserved 1081344K
  class space    used 4492K, capacity 4794K, committed 4812K, reserved 1048576K
}
Event: 7.737 GC heap after
{Heap after GC invocations=9 (full 0):
 garbage-first heap   total 129024K, used 23130K [0x0000000080000000, 0x0000000100000000)
  region size 1024K, 7 young (7168K), 7 survivors (7168K)
 Metaspace       used 35130K, capacity 35906K, committed 35964K, reserved 1081344K
  class space    used 4492K, capacity 4794K, committed 4812K, reserved 1048576K
}
Event: 8.838 GC heap before
{Heap before GC invocations=10 (full 0):
 garbage-first heap   total 129024K, used 76378K [0x0000000080000000, 0x0000000100000000)
  region size 1024K, 57 young (58368K), 7 survivors (7168K)
 Metaspace       used 39300K, capacity 40208K, committed 40316K, reserved 1085440K
  class space    used 4933K, capacity 5263K, committed 5324K, reserved 1048576K
}
Event: 8.846 GC heap after
{Heap after GC invocations=11 (full 0):
 garbage-first heap   total 129024K, used 26666K [0x0000000080000000, 0x0000000100000000)
  region size 1024K, 8 young (8192K), 8 survivors (8192K)
 Metaspace       used 39300K, capacity 40208K, committed 40316K, reserved 1085440K
  class space    used 4933K, capacity 5263K, committed 5324K, reserved 1048576K
}
Event: 9.613 GC heap before
{Heap before GC invocations=11 (full 0):
 garbage-first heap   total 129024K, used 80938K [0x0000000080000000, 0x0000000100000000)
  region size 1024K, 60 young (61440K), 8 survivors (8192K)
 Metaspace       used 44270K, capacity 45336K, committed 45692K, reserved 1089536K
  class space    used 5564K, capacity 5959K, committed 6092K, reserved 1048576K
}
Event: 9.635 GC heap after
{Heap after GC invocations=12 (full 0):
 garbage-first heap   total 129024K, used 29771K [0x0000000080000000, 0x0000000100000000)
  region size 1024K, 7 young (7168K), 7 survivors (7168K)
 Metaspace       used 44270K, capacity 45336K, committed 45692K, reserved 1089536K
  class space    used 5564K, capacity 5959K, committed 6092K, reserved 1048576K
}
Event: 10.663 GC heap before
{Heap before GC invocations=12 (full 0):
 garbage-first heap   total 129024K, used 85067K [0x0000000080000000, 0x0000000100000000)
  region size 1024K, 61 young (62464K), 7 survivors (7168K)
 Metaspace       used 48189K, capacity 49362K, committed 49532K, reserved 1091584K
  class space    used 6084K, capacity 6516K, committed 6604K, reserved 1048576K
}
Event: 10.684 GC heap after
{Heap after GC invocations=13 (full 0):
 garbage-first heap   total 157696K, used 31336K [0x0000000080000000, 0x0000000100000000)
  region size 1024K, 5 young (5120K), 5 survivors (5120K)
 Metaspace       used 48189K, capacity 49362K, committed 49532K, reserved 1091584K
  class space    used 6084K, capacity 6516K, committed 6604K, reserved 1048576K
}
Event: 11.924 GC heap before
{Heap before GC invocations=13 (full 0):
 garbage-first heap   total 157696K, used 115304K [0x0000000080000000, 0x0000000100000000)
  region size 1024K, 78 young (79872K), 5 survivors (5120K)
 Metaspace       used 53754K, capacity 55117K, committed 55164K, reserved 1097728K
  class space    used 6790K, capacity 7330K, committed 7372K, reserved 1048576K
}
Event: 11.932 GC heap after
{Heap after GC invocations=14 (full 0):
 garbage-first heap   total 157696K, used 49987K [0x0000000080000000, 0x0000000100000000)
  region size 1024K, 10 young (10240K), 10 survivors (10240K)
 Metaspace       used 53754K, capacity 55117K, committed 55164K, reserved 1097728K
  class space    used 6790K, capacity 7330K, committed 7372K, reserved 1048576K
}
Event: 12.548 GC heap before
{Heap before GC invocations=14 (full 0):
 garbage-first heap   total 157696K, used 83779K [0x0000000080000000, 0x0000000100000000)
  region size 1024K, 44 young (45056K), 10 survivors (10240K)
 Metaspace       used 58857K, capacity 60293K, committed 60368K, reserved 1101824K
  class space    used 7410K, capacity 7964K, committed 8012K, reserved 1048576K
}
Event: 12.561 GC heap after
{Heap after GC invocations=15 (full 0):
 garbage-first heap   total 157696K, used 51647K [0x0000000080000000, 0x0000000100000000)
  region size 1024K, 2 young (2048K), 2 survivors (2048K)
 Metaspace       used 58857K, capacity 60293K, committed 60368K, reserved 1101824K
  class space    used 7410K, capacity 7964K, committed 8012K, reserved 1048576K
}
Event: 13.454 GC heap before
{Heap before GC invocations=16 (full 0):
 garbage-first heap   total 157696K, used 112063K [0x0000000080000000, 0x0000000100000000)
  region size 1024K, 54 young (55296K), 2 survivors (2048K)
 Metaspace       used 63248K, capacity 64733K, committed 65052K, reserved 1105920K
  class space    used 7944K, capacity 8497K, committed 8600K, reserved 1048576K
}
Event: 13.460 GC heap after
{Heap after GC invocations=17 (full 0):
 garbage-first heap   total 157696K, used 55990K [0x0000000080000000, 0x0000000100000000)
  region size 1024K, 7 young (7168K), 7 survivors (7168K)
 Metaspace       used 63248K, capacity 64733K, committed 65052K, reserved 1105920K
  class space    used 7944K, capacity 8497K, committed 8600K, reserved 1048576K
}
Event: 14.238 GC heap before
{Heap before GC invocations=18 (full 0):
 garbage-first heap   total 157696K, used 110262K [0x0000000080000000, 0x0000000100000000)
  region size 1024K, 59 young (60416K), 7 survivors (7168K)
 Metaspace       used 67707K, capacity 69133K, committed 69276K, reserved 1110016K
  class space    used 8511K, capacity 9099K, committed 9240K, reserved 1048576K
}
Event: 14.245 GC heap after
{Heap after GC invocations=19 (full 0):
 garbage-first heap   total 157696K, used 59434K [0x0000000080000000, 0x0000000100000000)
  region size 1024K, 4 young (4096K), 4 survivors (4096K)
 Metaspace       used 67707K, capacity 69133K, committed 69276K, reserved 1110016K
  class space    used 8511K, capacity 9099K, committed 9240K, reserved 1048576K
}
Event: 14.625 GC heap before
{Heap before GC invocations=19 (full 0):
 garbage-first heap   total 157696K, used 113706K [0x0000000080000000, 0x0000000100000000)
  region size 1024K, 57 young (58368K), 4 survivors (4096K)
 Metaspace       used 69444K, capacity 70981K, committed 71196K, reserved 1112064K
  class space    used 8734K, capacity 9331K, committed 9368K, reserved 1048576K
}
Event: 14.631 GC heap after
{Heap after GC invocations=20 (full 0):
 garbage-first heap   total 157696K, used 63019K [0x0000000080000000, 0x0000000100000000)
  region size 1024K, 7 young (7168K), 7 survivors (7168K)
 Metaspace       used 69444K, capacity 70981K, committed 71196K, reserved 1112064K
  class space    used 8734K, capacity 9331K, committed 9368K, reserved 1048576K
}

